  Sprite.cpp
  SceneManager.cpp
  Source.cpp
  stb_image.cpp
  Gerando Código...
  glad.c
SceneManager.obj : error LNK2019: símbolo externo indefinido glfwInit referenciado na função "public: void __cdecl SceneManager::initializeGraphics(void)" (?initializeGraphics@SceneManager@@QEAAXXZ)
SceneManager.obj : error LNK2019: símbolo externo indefinido glfwTerminate referenciado na função "public: void __cdecl SceneManager::finish(void)" (?finish@SceneManager@@QEAAXXZ)
SceneManager.obj : error LNK2019: símbolo externo indefinido glfwCreateWindow referenciado na função "public: void __cdecl SceneManager::initializeGraphics(void)" (?initializeGraphics@SceneManager@@QEAAXXZ)
SceneManager.obj : error LNK2019: símbolo externo indefinido glfwWindowShouldClose referenciado na função "public: void __cdecl SceneManager::run(void)" (?run@SceneManager@@QEAAXXZ)
SceneManager.obj : error LNK2019: símbolo externo indefinido glfwSetWindowShouldClose referenciado na função "public: static void __cdecl SceneManager::key_callback(struct GLFWwindow *,int,int,int,int)" (?key_callback@SceneManager@@SAXPEAUGLFWwindow@@HHHH@Z)
SceneManager.obj : error LNK2019: símbolo externo indefinido glfwSetWindowSizeCallback referenciado na função "public: void __cdecl SceneManager::initializeGraphics(void)" (?initializeGraphics@SceneManager@@QEAAXXZ)
SceneManager.obj : error LNK2019: símbolo externo indefinido glfwPollEvents referenciado na função "public: void __cdecl SceneManager::run(void)" (?run@SceneManager@@QEAAXXZ)
SceneManager.obj : error LNK2019: símbolo externo indefinido glfwSetKeyCallback referenciado na função "public: void __cdecl SceneManager::initializeGraphics(void)" (?initializeGraphics@SceneManager@@QEAAXXZ)
SceneManager.obj : error LNK2019: símbolo externo indefinido glfwGetTime referenciado na função "public: void __cdecl SceneManager::update(void)" (?update@SceneManager@@QEAAXXZ)
SceneManager.obj : error LNK2019: símbolo externo indefinido glfwMakeContextCurrent referenciado na função "public: void __cdecl SceneManager::initializeGraphics(void)" (?initializeGraphics@SceneManager@@QEAAXXZ)
SceneManager.obj : error LNK2019: símbolo externo indefinido glfwSwapBuffers referenciado na função "public: void __cdecl SceneManager::run(void)" (?run@SceneManager@@QEAAXXZ)
SceneManager.obj : error LNK2019: símbolo externo indefinido glfwGetProcAddress referenciado na função "public: void __cdecl SceneManager::initializeGraphics(void)" (?initializeGraphics@SceneManager@@QEAAXXZ)
..\..\dependencies\GLFW-3.3.2-libWIN32\lib-vc2019\glfw3.lib : warning LNK4272: o tipo de máquina da biblioteca 'x86' está em conflito com o tipo de máquina de destino 'x64'
C:\Users\alber\Desktop\Gambiarra\Framework-PG\x64\Debug\Framework-PG.exe : fatal error LNK1120: 12 externo não resolvidos
