  Camadas.cpp
  Sprite.cpp
  SceneManager.cpp
  Source.cpp
  stb_image.cpp
  Generating Code...
  glad.c
SceneManager.obj : error LNK2019: unresolved external symbol glfwInit referenced in function "public: void __cdecl SceneManager::initializeGraphics(void)" (?initializeGraphics@SceneManager@@QEAAXXZ)
SceneManager.obj : error LNK2019: unresolved external symbol glfwTerminate referenced in function "public: void __cdecl SceneManager::finish(void)" (?finish@SceneManager@@QEAAXXZ)
SceneManager.obj : error LNK2019: unresolved external symbol glfwCreateWindow referenced in function "public: void __cdecl SceneManager::initializeGraphics(void)" (?initializeGraphics@SceneManager@@QEAAXXZ)
SceneManager.obj : error LNK2019: unresolved external symbol glfwWindowShouldClose referenced in function "public: void __cdecl SceneManager::run(void)" (?run@SceneManager@@QEAAXXZ)
SceneManager.obj : error LNK2019: unresolved external symbol glfwSetWindowShouldClose referenced in function "public: static void __cdecl SceneManager::key_callback(struct GLFWwindow *,int,int,int,int)" (?key_callback@SceneManager@@SAXPEAUGLFWwindow@@HHHH@Z)
SceneManager.obj : error LNK2019: unresolved external symbol glfwSetWindowSizeCallback referenced in function "public: void __cdecl SceneManager::initializeGraphics(void)" (?initializeGraphics@SceneManager@@QEAAXXZ)
SceneManager.obj : error LNK2019: unresolved external symbol glfwPollEvents referenced in function "public: void __cdecl SceneManager::run(void)" (?run@SceneManager@@QEAAXXZ)
SceneManager.obj : error LNK2019: unresolved external symbol glfwGetKey referenced in function "public: static void __cdecl SceneManager::key_callback(struct GLFWwindow *,int,int,int,int)" (?key_callback@SceneManager@@SAXPEAUGLFWwindow@@HHHH@Z)
SceneManager.obj : error LNK2019: unresolved external symbol glfwSetKeyCallback referenced in function "public: void __cdecl SceneManager::initializeGraphics(void)" (?initializeGraphics@SceneManager@@QEAAXXZ)
SceneManager.obj : error LNK2019: unresolved external symbol glfwMakeContextCurrent referenced in function "public: void __cdecl SceneManager::initializeGraphics(void)" (?initializeGraphics@SceneManager@@QEAAXXZ)
SceneManager.obj : error LNK2019: unresolved external symbol glfwSwapBuffers referenced in function "public: void __cdecl SceneManager::run(void)" (?run@SceneManager@@QEAAXXZ)
SceneManager.obj : error LNK2019: unresolved external symbol glfwGetProcAddress referenced in function "public: void __cdecl SceneManager::initializeGraphics(void)" (?initializeGraphics@SceneManager@@QEAAXXZ)
..\..\dependencies\GLFW-3.3.2-libWIN32\lib-vc2019\glfw3.lib : warning LNK4272: library machine type 'x86' conflicts with target machine type 'x64'
C:\Users\Pc\Documents\GitHub\PG_AlbertoZolet\Lista 4 + Grau A\x64\Debug\Framework-PG.exe : fatal error LNK1120: 12 unresolved externals
